  Compiling game modules for hot reload
  Performing 3 actions (4 in parallel)
  FurryCharacter.cpp
  [2/3] Link UE4Editor-FurryVSNudist-8580.dll
  [3/3] Link UE4Editor-FurryVSNudist-8580.lib
     Creating library C:\Users\benes\Documents\Unreal Projects\FurryVSNudist\Intermediate\Build\Win64\UE4Editor\Development\UE4Editor-FurryVSNudist-8580.lib and object C:\Users\benes\Documents\Unreal Projects\FurryVSNudist\Intermediate\Build\Win64\UE4Editor\Development\UE4Editor-FurryVSNudist-8580.exp
     Creating library C:\Users\benes\Documents\Unreal Projects\FurryVSNudist\Intermediate\Build\Win64\UE4Editor\Development\UE4Editor-FurryVSNudist-8580.suppressed.lib and object C:\Users\benes\Documents\Unreal Projects\FurryVSNudist\Intermediate\Build\Win64\UE4Editor\Development\UE4Editor-FurryVSNudist-8580.suppressed.exp
FCharacter.cpp.obj : error LNK2001: unresolved external symbol "public: virtual void __cdecl AFCharacter::PostInitializeComponents(void)" (?PostInitializeComponents@AFCharacter@@UEAAXXZ)
FCharacter.gen.cpp.obj : error LNK2001: unresolved external symbol "public: virtual void __cdecl AFCharacter::PostInitializeComponents(void)" (?PostInitializeComponents@AFCharacter@@UEAAXXZ)
FCharacter.cpp.obj : error LNK2019: unresolved external symbol "public: void __cdecl AFCharacter::OnStartJump(void)" (?OnStartJump@AFCharacter@@QEAAXXZ) referenced in function "public: virtual void __cdecl AFCharacter::SetupPlayerInputComponent(class UInputComponent *)" (?SetupPlayerInputComponent@AFCharacter@@UEAAXPEAVUInputComponent@@@Z)
FCharacter.cpp.obj : error LNK2019: unresolved external symbol "public: void __cdecl AFCharacter::OnStopJump(void)" (?OnStopJump@AFCharacter@@QEAAXXZ) referenced in function "public: virtual void __cdecl AFCharacter::SetupPlayerInputComponent(class UInputComponent *)" (?SetupPlayerInputComponent@AFCharacter@@UEAAXPEAVUInputComponent@@@Z)
C:\Users\benes\Documents\Unreal Projects\FurryVSNudist\Binaries\Win64\UE4Editor-FurryVSNudist-8580.dll : fatal error LNK1120: 3 unresolved externals
UnrealBuildTool : error : UBT ERROR: Failed to produce item: C:\Users\benes\Documents\Unreal Projects\FurryVSNudist\Binaries\Win64\UE4Editor-FurryVSNudist-8580.dll
  Total build time: 2,23 seconds (Local executor: 0,00 seconds)
C:\Program Files (x86)\Microsoft Visual Studio\2017\Community\Common7\IDE\VC\VCTargets\Microsoft.MakeFile.Targets(44,5): error MSB3075: The command ""C:\Program Files\Epic Games\UE_4.19\Engine\Build\BatchFiles\Build.bat" FurryVSNudistEditor Win64 Development "C:\Users\benes\Documents\Unreal Projects\FurryVSNudist\FurryVSNudist.uproject" -WaitMutex -FromMsBuild" exited with code 5. Please verify that you have sufficient rights to run this command.
